2020-05-10 20:48:13 INFO  Day10 
2020-05-10 20:48:13 INFO  Month4 
2020-05-10 20:48:13 INFO  Year2020 
2020-05-10 20:48:13 INFO  DayOfWeek7 
2020-05-10 20:48:13 INFO  Days31 
2020-05-10 20:48:14 INFO  Connected 
2020-05-10 20:48:14 INFO  18.27 
2020-05-10 20:49:23 INFO  Day10 
2020-05-10 20:49:23 INFO  Month4 
2020-05-10 20:49:23 INFO  Year2020 
2020-05-10 20:49:23 INFO  DayOfWeek7 
2020-05-10 20:49:23 INFO  Days31 
2020-05-10 20:49:23 INFO  Connected 
2020-05-10 20:49:23 INFO  18.27 
2020-05-10 21:24:17 INFO  Day10 
2020-05-10 21:24:17 INFO  Month4 
2020-05-10 21:24:17 INFO  Year2020 
2020-05-10 21:24:17 INFO  DayOfWeek7 
2020-05-10 21:24:17 INFO  Days31 
2020-05-10 21:24:18 INFO  Sending heartbeat 
2020-05-10 21:24:20 INFO  Connected 
2020-05-10 21:24:20 INFO  17.03 
2020-05-11 09:35:57 INFO  Sending heartbeat 
2020-05-11 09:35:59 INFO  Connected 
2020-05-11 09:36:00 INFO  Current temp 16.2 
2020-05-11 09:44:53 INFO  Sending heartbeat 
2020-05-11 09:45:01 INFO  Connected 
2020-05-11 09:45:02 INFO  Current temp 16.2 
